This is pdfTeX, Version 3.14159265-2.6-1.40.19 (MiKTeX 2.9.6800 64-bit) (preloaded format=pdflatex 2018.9.5)  17 DEC 2021 15:33
entering extended mode
**./Ponce_Villagran_Carlos_Enrique_Tarea_2_Econometría.tex
(Ponce_Villagran_Carlos_Enrique_Tarea_2_Econometría.tex
LaTeX2e <2018-04-01> patch level 5

("C:\Users\Carlos Ponce\AppData\Local\Programs\MiKTeX 2.9\tex\latex\base\report
.cls"
Document Class: report 2014/09/29 v1.4h Standard LaTeX document class

("C:\Users\Carlos Ponce\AppData\Local\Programs\MiKTeX 2.9\tex\latex\base\size10
.clo"
File: size10.clo 2014/09/29 v1.4h Standard LaTeX file (size option)
)
\c@part=\count80
\c@chapter=\count81
\c@section=\count82
\c@subsection=\count83
\c@subsubsection=\count84
\c@paragraph=\count85
\c@subparagraph=\count86
\c@figure=\count87
\c@table=\count88
\abovecaptionskip=\skip41
\belowcaptionskip=\skip42
\bibindent=\dimen102
)
("C:\Users\Carlos Ponce\AppData\Local\Programs\MiKTeX 2.9\tex\latex\base\inpute
nc.sty"
Package: inputenc 2018/04/06 v1.3b Input encoding file
\inpenc@prehook=\toks14
\inpenc@posthook=\toks15

("C:\Users\Carlos Ponce\AppData\Local\Programs\MiKTeX 2.9\tex\latex\base\latin9
.def"
File: latin9.def 2018/04/06 v1.3b Input encoding file
))
("C:\Users\Carlos Ponce\AppData\Local\Programs\MiKTeX 2.9\tex\latex\geometry\ge
ometry.sty"
Package: geometry 2018/04/16 v5.8 Page Geometry

("C:\Users\Carlos Ponce\AppData\Local\Programs\MiKTeX 2.9\tex\latex\graphics\ke
yval.sty"
Package: keyval 2014/10/28 v1.15 key=value parser (DPC)
\KV@toks@=\toks16
)
("C:\Users\Carlos Ponce\AppData\Local\Programs\MiKTeX 2.9\tex\generic\oberdiek\
ifpdf.sty"
Package: ifpdf 2017/03/15 v3.2 Provides the ifpdf switch
)
("C:\Users\Carlos Ponce\AppData\Local\Programs\MiKTeX 2.9\tex\generic\oberdiek\
ifvtex.sty"
Package: ifvtex 2016/05/16 v1.6 Detect VTeX and its facilities (HO)
Package ifvtex Info: VTeX not detected.
)
("C:\Users\Carlos Ponce\AppData\Local\Programs\MiKTeX 2.9\tex\generic\ifxetex\i
fxetex.sty"
Package: ifxetex 2010/09/12 v0.6 Provides ifxetex conditional
)
\Gm@cnth=\count89
\Gm@cntv=\count90
\c@Gm@tempcnt=\count91
\Gm@bindingoffset=\dimen103
\Gm@wd@mp=\dimen104
\Gm@odd@mp=\dimen105
\Gm@even@mp=\dimen106
\Gm@layoutwidth=\dimen107
\Gm@layoutheight=\dimen108
\Gm@layouthoffset=\dimen109
\Gm@layoutvoffset=\dimen110
\Gm@dimlist=\toks17

("C:\Users\Carlos Ponce\AppData\Local\Programs\MiKTeX 2.9\tex\latex\geometry\ge
ometry.cfg"))
("C:\Users\Carlos Ponce\AppData\Local\Programs\MiKTeX 2.9\tex\latex\graphics\co
lor.sty"
Package: color 2016/07/10 v1.1e Standard LaTeX Color (DPC)

("C:\Users\Carlos Ponce\AppData\Local\Programs\MiKTeX 2.9\tex\latex\graphics-cf
g\color.cfg"
File: color.cfg 2016/01/02 v1.6 sample color configuration
)
Package color Info: Driver file: pdftex.def on input line 147.

("C:\Users\Carlos Ponce\AppData\Local\Programs\MiKTeX 2.9\tex\latex\graphics-de
f\pdftex.def"
File: pdftex.def 2018/01/08 v1.0l Graphics/color driver for pdftex
))
("C:\Users\Carlos Ponce\AppData\Local\Programs\MiKTeX 2.9\tex\generic\babel\bab
el.sty"
Package: babel 2018/06/05 3.22 The Babel package

("C:\Users\Carlos Ponce\AppData\Local\Programs\MiKTeX 2.9\tex\generic\babel\swi
tch.def"
File: switch.def 2018/06/05 3.22 Babel switching mechanism
)
*************************************
* Local config file bblopts.cfg used
*

("C:\Users\Carlos Ponce\AppData\Local\Programs\MiKTeX 2.9\tex\latex\arabi\bblop
ts.cfg"
File: bblopts.cfg 2005/09/08 v0.1 add Arabic and Farsi to "declared" options of
 babel
)
("C:\Users\Carlos Ponce\AppData\Local\Programs\MiKTeX 2.9\tex\latex\babel-spani
sh\spanish.ldf"
Language: spanish.ldf 2016/03/03 v5.0p Spanish support from the babel system

("C:\Users\Carlos Ponce\AppData\Local\Programs\MiKTeX 2.9\tex\generic\babel\bab
el.def"
File: babel.def 2018/06/05 3.22 Babel common definitions
\babel@savecnt=\count92
\U@D=\dimen111

("C:\Users\Carlos Ponce\AppData\Local\Programs\MiKTeX 2.9\tex\generic\babel\txt
babel.def")
\bbl@dirlevel=\count93
)
\es@quottoks=\toks18
\es@quotdepth=\count94
Package babel Info: Making " an active character on input line 561.
Package babel Info: Making . an active character on input line 662.
Package babel Info: Making < an active character on input line 707.
Package babel Info: Making > an active character on input line 707.
))
("C:\Users\Carlos Ponce\AppData\Local\Programs\MiKTeX 2.9\tex\latex\tools\verba
tim.sty"
Package: verbatim 2014/10/28 v1.5q LaTeX2e package for verbatim enhancements
\every@verbatim=\toks19
\verbatim@line=\toks20
\verbatim@in@stream=\read1
)
("C:\Users\Carlos Ponce\AppData\Local\Programs\MiKTeX 2.9\tex\latex\tools\array
.sty"
Package: array 2018/04/30 v2.4h Tabular extension package (FMi)
\col@sep=\dimen112
\ar@mcellbox=\box26
\extrarowheight=\dimen113
\NC@list=\toks21
\extratabsurround=\skip43
\backup@length=\skip44
\ar@cellbox=\box27
)
("C:\Users\Carlos Ponce\AppData\Local\Programs\MiKTeX 2.9\tex\latex\multirow\mu
ltirow.sty"
Package: multirow 2018/08/03 v2.3 Span multiple rows of a table
\multirow@colwidth=\skip45
\multirow@cntb=\count95
\multirow@dima=\skip46
\bigstrutjot=\dimen114
)
("C:\Users\Carlos Ponce\AppData\Local\Programs\MiKTeX 2.9\tex\latex\amsmath\ams
math.sty"
Package: amsmath 2017/09/02 v2.17a AMS math features
\@mathmargin=\skip47

For additional information on amsmath, use the `?' option.

("C:\Users\Carlos Ponce\AppData\Local\Programs\MiKTeX 2.9\tex\latex\amsmath\ams
text.sty"
Package: amstext 2000/06/29 v2.01 AMS text

("C:\Users\Carlos Ponce\AppData\Local\Programs\MiKTeX 2.9\tex\latex\amsmath\ams
gen.sty"
File: amsgen.sty 1999/11/30 v2.0 generic functions
\@emptytoks=\toks22
\ex@=\dimen115
))
("C:\Users\Carlos Ponce\AppData\Local\Programs\MiKTeX 2.9\tex\latex\amsmath\ams
bsy.sty"
Package: amsbsy 1999/11/29 v1.2d Bold Symbols
\pmbraise@=\dimen116
)
("C:\Users\Carlos Ponce\AppData\Local\Programs\MiKTeX 2.9\tex\latex\amsmath\ams
opn.sty"
Package: amsopn 2016/03/08 v2.02 operator names
)
\inf@bad=\count96
LaTeX Info: Redefining \frac on input line 213.
\uproot@=\count97
\leftroot@=\count98
LaTeX Info: Redefining \overline on input line 375.
\classnum@=\count99
\DOTSCASE@=\count100
LaTeX Info: Redefining \ldots on input line 472.
LaTeX Info: Redefining \dots on input line 475.
LaTeX Info: Redefining \cdots on input line 596.
\Mathstrutbox@=\box28
\strutbox@=\box29
\big@size=\dimen117
LaTeX Font Info:    Redeclaring font encoding OML on input line 712.
LaTeX Font Info:    Redeclaring font encoding OMS on input line 713.
\macc@depth=\count101
\c@MaxMatrixCols=\count102
\dotsspace@=\muskip10
\c@parentequation=\count103
\dspbrk@lvl=\count104
\tag@help=\toks23
\row@=\count105
\column@=\count106
\maxfields@=\count107
\andhelp@=\toks24
\eqnshift@=\dimen118
\alignsep@=\dimen119
\tagshift@=\dimen120
\tagwidth@=\dimen121
\totwidth@=\dimen122
\lineht@=\dimen123
\@envbody=\toks25
\multlinegap=\skip48
\multlinetaggap=\skip49
\mathdisplay@stack=\toks26
LaTeX Info: Redefining \[ on input line 2817.
LaTeX Info: Redefining \] on input line 2818.
)
("C:\Users\Carlos Ponce\AppData\Local\Programs\MiKTeX 2.9\tex\latex\amsfonts\am
sfonts.sty"
Package: amsfonts 2013/01/14 v3.01 Basic AMSFonts support
\symAMSa=\mathgroup4
\symAMSb=\mathgroup5
LaTeX Font Info:    Overwriting math alphabet `\mathfrak' in version `bold'
(Font)                  U/euf/m/n --> U/euf/b/n on input line 106.
)
("C:\Users\Carlos Ponce\AppData\Local\Programs\MiKTeX 2.9\tex\latex\amscls\amst
hm.sty"
Package: amsthm 2017/10/31 v2.20.4
\thm@style=\toks27
\thm@bodyfont=\toks28
\thm@headfont=\toks29
\thm@notefont=\toks30
\thm@headpunct=\toks31
\thm@preskip=\skip50
\thm@postskip=\skip51
\thm@headsep=\skip52
\dth@everypar=\toks32
)
("C:\Users\Carlos Ponce\AppData\Local\Programs\MiKTeX 2.9\tex\latex\graphics\gr
aphicx.sty"
Package: graphicx 2017/06/01 v1.1a Enhanced LaTeX Graphics (DPC,SPQR)

("C:\Users\Carlos Ponce\AppData\Local\Programs\MiKTeX 2.9\tex\latex\graphics\gr
aphics.sty"
Package: graphics 2017/06/25 v1.2c Standard LaTeX Graphics (DPC,SPQR)

("C:\Users\Carlos Ponce\AppData\Local\Programs\MiKTeX 2.9\tex\latex\graphics\tr
ig.sty"
Package: trig 2016/01/03 v1.10 sin cos tan (DPC)
)
("C:\Users\Carlos Ponce\AppData\Local\Programs\MiKTeX 2.9\tex\latex\graphics-cf
g\graphics.cfg"
File: graphics.cfg 2016/06/04 v1.11 sample graphics configuration
)
Package graphics Info: Driver file: pdftex.def on input line 99.
)
\Gin@req@height=\dimen124
\Gin@req@width=\dimen125
)
("C:\Users\Carlos Ponce\AppData\Local\Programs\MiKTeX 2.9\tex\latex\hyperref\hy
perref.sty"
Package: hyperref 2018/02/06 v6.86b Hypertext links for LaTeX

("C:\Users\Carlos Ponce\AppData\Local\Programs\MiKTeX 2.9\tex\generic\oberdiek\
hobsub-hyperref.sty"
Package: hobsub-hyperref 2016/05/16 v1.14 Bundle oberdiek, subset hyperref (HO)


("C:\Users\Carlos Ponce\AppData\Local\Programs\MiKTeX 2.9\tex\generic\oberdiek\
hobsub-generic.sty"
Package: hobsub-generic 2016/05/16 v1.14 Bundle oberdiek, subset generic (HO)
Package: hobsub 2016/05/16 v1.14 Construct package bundles (HO)
Package: infwarerr 2016/05/16 v1.4 Providing info/warning/error messages (HO)
Package: ltxcmds 2016/05/16 v1.23 LaTeX kernel commands for general use (HO)
Package: ifluatex 2016/05/16 v1.4 Provides the ifluatex switch (HO)
Package ifluatex Info: LuaTeX not detected.
Package hobsub Info: Skipping package `ifvtex' (already loaded).
Package: intcalc 2016/05/16 v1.2 Expandable calculations with integers (HO)
Package hobsub Info: Skipping package `ifpdf' (already loaded).
Package: etexcmds 2016/05/16 v1.6 Avoid name clashes with e-TeX commands (HO)
Package etexcmds Info: Could not find \expanded.
(etexcmds)             That can mean that you are not using pdfTeX 1.50 or
(etexcmds)             that some package has redefined \expanded.
(etexcmds)             In the latter case, load this package earlier.
Package: kvsetkeys 2016/05/16 v1.17 Key value parser (HO)
Package: kvdefinekeys 2016/05/16 v1.4 Define keys (HO)
Package: pdftexcmds 2018/01/30 v0.27 Utility functions of pdfTeX for LuaTeX (HO
)
Package pdftexcmds Info: LuaTeX not detected.
Package pdftexcmds Info: \pdf@primitive is available.
Package pdftexcmds Info: \pdf@ifprimitive is available.
Package pdftexcmds Info: \pdfdraftmode found.
Package: pdfescape 2016/05/16 v1.14 Implements pdfTeX's escape features (HO)
Package: bigintcalc 2016/05/16 v1.4 Expandable calculations on big integers (HO
)
Package: bitset 2016/05/16 v1.2 Handle bit-vector datatype (HO)
Package: uniquecounter 2016/05/16 v1.3 Provide unlimited unique counter (HO)
)
Package hobsub Info: Skipping package `hobsub' (already loaded).
Package: letltxmacro 2016/05/16 v1.5 Let assignment for LaTeX macros (HO)
Package: hopatch 2016/05/16 v1.3 Wrapper for package hooks (HO)
Package: xcolor-patch 2016/05/16 xcolor patch
Package: atveryend 2016/05/16 v1.9 Hooks at the very end of document (HO)
Package atveryend Info: \enddocument detected (standard20110627).
Package: atbegshi 2016/06/09 v1.18 At begin shipout hook (HO)
Package: refcount 2016/05/16 v3.5 Data extraction from label references (HO)
Package: hycolor 2016/05/16 v1.8 Color options for hyperref/bookmark (HO)
)
("C:\Users\Carlos Ponce\AppData\Local\Programs\MiKTeX 2.9\tex\latex\oberdiek\au
xhook.sty"
Package: auxhook 2016/05/16 v1.4 Hooks for auxiliary files (HO)
)
("C:\Users\Carlos Ponce\AppData\Local\Programs\MiKTeX 2.9\tex\latex\oberdiek\kv
options.sty"
Package: kvoptions 2016/05/16 v3.12 Key value format for package options (HO)
)
\@linkdim=\dimen126
\Hy@linkcounter=\count108
\Hy@pagecounter=\count109

("C:\Users\Carlos Ponce\AppData\Local\Programs\MiKTeX 2.9\tex\latex\hyperref\pd
1enc.def"
File: pd1enc.def 2018/02/06 v6.86b Hyperref: PDFDocEncoding definition (HO)
Now handling font encoding PD1 ...
... no UTF-8 mapping file for font encoding PD1
)
\Hy@SavedSpaceFactor=\count110

("C:\Users\Carlos Ponce\AppData\Local\Programs\MiKTeX 2.9\tex\latex\00miktex\hy
perref.cfg"
File: hyperref.cfg 2002/06/06 v1.2 hyperref configuration of TeXLive
)
Package hyperref Info: Option `unicode' set `true' on input line 4383.

("C:\Users\Carlos Ponce\AppData\Local\Programs\MiKTeX 2.9\tex\latex\hyperref\pu
enc.def"
File: puenc.def 2018/02/06 v6.86b Hyperref: PDF Unicode definition (HO)
Now handling font encoding PU ...
... no UTF-8 mapping file for font encoding PU
)
Package hyperref Info: Option `pdfusetitle' set `true' on input line 4383.
Package hyperref Info: Option `bookmarks' set `true' on input line 4383.
Package hyperref Info: Option `bookmarksnumbered' set `true' on input line 4383
.
Package hyperref Info: Option `bookmarksopen' set `false' on input line 4383.
Package hyperref Info: Option `breaklinks' set `false' on input line 4383.
Package hyperref Info: Option `colorlinks' set `true' on input line 4383.
Package hyperref Info: Hyper figures OFF on input line 4509.
Package hyperref Info: Link nesting OFF on input line 4514.
Package hyperref Info: Hyper index ON on input line 4517.
Package hyperref Info: Plain pages OFF on input line 4524.
Package hyperref Info: Backreferencing OFF on input line 4529.
Package hyperref Info: Implicit mode ON; LaTeX internals redefined.
Package hyperref Info: Bookmarks ON on input line 4762.
\c@Hy@tempcnt=\count111

("C:\Users\Carlos Ponce\AppData\Local\Programs\MiKTeX 2.9\tex\latex\url\url.sty
"
\Urlmuskip=\muskip11
Package: url 2013/09/16  ver 3.4  Verb mode for urls, etc.
)
LaTeX Info: Redefining \url on input line 5115.
\XeTeXLinkMargin=\dimen127
\Fld@menulength=\count112
\Field@Width=\dimen128
\Fld@charsize=\dimen129
Package hyperref Info: Hyper figures OFF on input line 6369.
Package hyperref Info: Link nesting OFF on input line 6374.
Package hyperref Info: Hyper index ON on input line 6377.
Package hyperref Info: backreferencing OFF on input line 6384.
Package hyperref Info: Link coloring ON on input line 6387.
Package hyperref Info: Link coloring with OCG OFF on input line 6394.
Package hyperref Info: PDF/A mode OFF on input line 6399.
LaTeX Info: Redefining \ref on input line 6439.
LaTeX Info: Redefining \pageref on input line 6443.
\Hy@abspage=\count113
\c@Item=\count114
\c@Hfootnote=\count115
)
Package hyperref Info: Driver (autodetected): hpdftex.

("C:\Users\Carlos Ponce\AppData\Local\Programs\MiKTeX 2.9\tex\latex\hyperref\hp
dftex.def"
File: hpdftex.def 2018/02/06 v6.86b Hyperref driver for pdfTeX
\Fld@listcount=\count116
\c@bookmark@seq@number=\count117

("C:\Users\Carlos Ponce\AppData\Local\Programs\MiKTeX 2.9\tex\latex\oberdiek\re
runfilecheck.sty"
Package: rerunfilecheck 2016/05/16 v1.8 Rerun checks for auxiliary files (HO)
Package uniquecounter Info: New unique counter `rerunfilecheck' on input line 2
82.
)
\Hy@SectionHShift=\skip53
)
Package hyperref Info: Option `pdfnewwindow' set `true' on input line 28.
Package hyperref Info: Option `plainpages' set `false' on input line 28.

("C:\Users\Carlos Ponce\AppData\Local\Programs\MiKTeX 2.9\tex\latex\breakurl\br
eakurl.sty"
Package: breakurl 2013/04/10 v1.40 Breakable hyperref URLs

("C:\Users\Carlos Ponce\AppData\Local\Programs\MiKTeX 2.9\tex\latex\xkeyval\xke
yval.sty"
Package: xkeyval 2014/12/03 v2.7a package option processing (HA)

("C:\Users\Carlos Ponce\AppData\Local\Programs\MiKTeX 2.9\tex\generic\xkeyval\x
keyval.tex"
("C:\Users\Carlos Ponce\AppData\Local\Programs\MiKTeX 2.9\tex\generic\xkeyval\x
kvutils.tex"
\XKV@toks=\toks33
\XKV@tempa@toks=\toks34
)
\XKV@depth=\count118
File: xkeyval.tex 2014/12/03 v2.7a key=value parser (HA)
))

Package breakurl Warning: You are using breakurl while processing via pdflatex.

(breakurl)                \burl will be just a synonym of \url.
(breakurl)                 on input line 48.

)
("C:\Users\Carlos Ponce\AppData\Local\Programs\MiKTeX 2.9\tex\latex\etoolbox\et
oolbox.sty"
Package: etoolbox 2018/08/19 v2.5f e-TeX tools for LaTeX (JAW)
\etb@tempcnta=\count119
)

LaTeX Warning: Unused global option(s):
    [refpage,intoc,bibliography=totoc,index=totoc,BCOR7.5mm,captions=tableheadi
ng].

(Ponce_Villagran_Carlos_Enrique_Tarea_2_Econometría.aux
LaTeX Info: Redefining \. on input line 23.
LaTeX Info: Redefining \% on input line 23.
)
\openout1 = `Ponce_Villagran_Carlos_Enrique_Tarea_2_Econometría.aux'.

LaTeX Font Info:    Checking defaults for OML/cmm/m/it on input line 60.
LaTeX Font Info:    ... okay on input line 60.
LaTeX Font Info:    Checking defaults for T1/cmr/m/n on input line 60.
LaTeX Font Info:    ... okay on input line 60.
LaTeX Font Info:    Checking defaults for OT1/cmr/m/n on input line 60.
LaTeX Font Info:    ... okay on input line 60.
LaTeX Font Info:    Checking defaults for OMS/cmsy/m/n on input line 60.
LaTeX Font Info:    ... okay on input line 60.
LaTeX Font Info:    Checking defaults for OMX/cmex/m/n on input line 60.
LaTeX Font Info:    ... okay on input line 60.
LaTeX Font Info:    Checking defaults for U/cmr/m/n on input line 60.
LaTeX Font Info:    ... okay on input line 60.
LaTeX Font Info:    Checking defaults for PD1/pdf/m/n on input line 60.
LaTeX Font Info:    ... okay on input line 60.
LaTeX Font Info:    Checking defaults for PU/pdf/m/n on input line 60.
LaTeX Font Info:    ... okay on input line 60.

*geometry* driver: auto-detecting
*geometry* detected driver: pdftex

Package geometry Warning: The marginal notes overrun the paper.
     Add 47.54726pt and more to the right margin.

*geometry* verbose mode - [ preamble ] result:
* driver: pdftex
* paper: <default>
* layout: <same size as paper>
* layoutoffset:(h,v)=(0.0pt,0.0pt)
* modes: 
* h-part:(L,W,R)=(28.45274pt, 557.38951pt, 28.45274pt)
* v-part:(T,H,B)=(28.45274pt, 671.11987pt, 95.39737pt)
* \paperwidth=614.295pt
* \paperheight=794.96999pt
* \textwidth=557.38951pt
* \textheight=671.11987pt
* \oddsidemargin=-43.81725pt
* \evensidemargin=-43.81725pt
* \topmargin=-80.81725pt
* \headheight=12.0pt
* \headsep=25.0pt
* \topskip=10.0pt
* \footskip=30.0pt
* \marginparwidth=65.0pt
* \marginparsep=11.0pt
* \columnsep=10.0pt
* \skip\footins=9.0pt plus 4.0pt minus 2.0pt
* \hoffset=0.0pt
* \voffset=0.0pt
* \mag=1000
* \@twocolumnfalse
* \@twosidefalse
* \@mparswitchfalse
* \@reversemarginfalse
* (1in=72.27pt=25.4mm, 1cm=28.453pt)


("C:\Users\Carlos Ponce\AppData\Local\Programs\MiKTeX 2.9\tex\context\base\supp
-pdf.mkii"
[Loading MPS to PDF converter (version 2006.09.02).]
\scratchcounter=\count120
\scratchdimen=\dimen130
\scratchbox=\box30
\nofMPsegments=\count121
\nofMParguments=\count122
\everyMPshowfont=\toks35
\MPscratchCnt=\count123
\MPscratchDim=\dimen131
\MPnumerator=\count124
\makeMPintoPDFobject=\count125
\everyMPtoPDFconversion=\toks36
)
("C:\Users\Carlos Ponce\AppData\Local\Programs\MiKTeX 2.9\tex\latex\oberdiek\ep
stopdf-base.sty"
Package: epstopdf-base 2016/05/15 v2.6 Base part for package epstopdf

("C:\Users\Carlos Ponce\AppData\Local\Programs\MiKTeX 2.9\tex\latex\oberdiek\gr
fext.sty"
Package: grfext 2016/05/16 v1.2 Manage graphics extensions (HO)
)
Package epstopdf-base Info: Redefining graphics rule for `.eps' on input line 4
38.
Package grfext Info: Graphics extension search list:
(grfext)             [.pdf,.png,.jpg,.mps,.jpeg,.jbig2,.jb2,.PDF,.PNG,.JPG,.JPE
G,.JBIG2,.JB2,.eps]
(grfext)             \AppendGraphicsExtensions on input line 456.
)
LaTeX Info: Redefining \. on input line 60.
LaTeX Info: Redefining \% on input line 60.
\AtBeginShipoutBox=\box31
Package hyperref Info: Link coloring ON on input line 60.

("C:\Users\Carlos Ponce\AppData\Local\Programs\MiKTeX 2.9\tex\latex\hyperref\na
meref.sty"
Package: nameref 2016/05/21 v2.44 Cross-referencing by name of section

("C:\Users\Carlos Ponce\AppData\Local\Programs\MiKTeX 2.9\tex\generic\oberdiek\
gettitlestring.sty"
Package: gettitlestring 2016/05/16 v1.5 Cleanup title references (HO)
)
\c@section@level=\count126
)
LaTeX Info: Redefining \ref on input line 60.
LaTeX Info: Redefining \pageref on input line 60.
LaTeX Info: Redefining \nameref on input line 60.
 (Ponce_Villagran_Carlos_Enrique_Tarea_2_Econometría.out) (Ponce_Villagran_Car
los_Enrique_Tarea_2_Econometría.out)
\@outlinefile=\write3
\openout3 = `Ponce_Villagran_Carlos_Enrique_Tarea_2_Econometría.out'.

LaTeX Font Info:    Try loading font information for U+msa on input line 62.

("C:\Users\Carlos Ponce\AppData\Local\Programs\MiKTeX 2.9\tex\latex\amsfonts\um
sa.fd"
File: umsa.fd 2013/01/14 v3.01 AMS symbols A
)
LaTeX Font Info:    Try loading font information for U+msb on input line 62.

("C:\Users\Carlos Ponce\AppData\Local\Programs\MiKTeX 2.9\tex\latex\amsfonts\um
sb.fd"
File: umsb.fd 2013/01/14 v3.01 AMS symbols B
)
<UASLP-logo.png, id=3, 189.70876pt x 225.84375pt>
File: UASLP-logo.png Graphic file (type png)
<use UASLP-logo.png>
Package pdftex.def Info: UASLP-logo.png  used on input line 63.
(pdftex.def)             Requested size: 44.59218pt x 53.08362pt.

Overfull \vbox (20.68365pt too high) detected at line 63
 []


LaTeX Font Warning: Font shape `OT1/cmss/m/it' in size <10> not available
(Font)              Font shape `OT1/cmss/m/sl' tried instead on input line 86.

<Grafica_c).png, id=5, 701.62125pt x 510.90875pt>
File: Grafica_c).png Graphic file (type png)
<use Grafica_c).png>
Package pdftex.def Info: Grafica_c).png  used on input line 116.
(pdftex.def)             Requested size: 199.16928pt x 145.03362pt.

Underfull \hbox (badness 10000) in paragraph at lines 127--128

 []

Package babel Info: Redefining spanish shorthand <<
(babel)             in language  on input line 128.
Package babel Info: Redefining spanish shorthand >>
(babel)             in language  on input line 128.
Package babel Info: Redefining spanish shorthand "=
(babel)             in language  on input line 128.
Package babel Info: Redefining spanish shorthand "~
(babel)             in language  on input line 128.
Package babel Info: Redefining spanish shorthand "!
(babel)             in language  on input line 128.
Package babel Info: Redefining spanish shorthand "?
(babel)             in language  on input line 128.
Package babel Info: Redefining spanish shorthand <<
(babel)             in language  on input line 128.
Package babel Info: Redefining spanish shorthand >>
(babel)             in language  on input line 128.
Package babel Info: Redefining spanish shorthand "=
(babel)             in language  on input line 128.
Package babel Info: Redefining spanish shorthand "~
(babel)             in language  on input line 128.
Package babel Info: Redefining spanish shorthand "!
(babel)             in language  on input line 128.
Package babel Info: Redefining spanish shorthand "?
(babel)             in language  on input line 128.
[1

{C:/Users/Carlos Ponce/AppData/Local/MiKTeX/2.9/pdftex/config/pdftex.map} <./UA
SLP-logo.png> <./Grafica_c).png (PNG copy)>]
<Grafica_rlsi_e)_c)_stata.png, id=25, 701.62125pt x 510.90875pt>
File: Grafica_rlsi_e)_c)_stata.png Graphic file (type png)
<use Grafica_rlsi_e)_c)_stata.png>
Package pdftex.def Info: Grafica_rlsi_e)_c)_stata.png  used on input line 161.
(pdftex.def)             Requested size: 199.16928pt x 145.03362pt.

Underfull \hbox (badness 10000) in paragraph at lines 169--170

 []

Package babel Info: Redefining spanish shorthand <<
(babel)             in language  on input line 182.
Package babel Info: Redefining spanish shorthand >>
(babel)             in language  on input line 182.
Package babel Info: Redefining spanish shorthand "=
(babel)             in language  on input line 182.
Package babel Info: Redefining spanish shorthand "~
(babel)             in language  on input line 182.
Package babel Info: Redefining spanish shorthand "!
(babel)             in language  on input line 182.
Package babel Info: Redefining spanish shorthand "?
(babel)             in language  on input line 182.
Package babel Info: Redefining spanish shorthand <<
(babel)             in language  on input line 182.
Package babel Info: Redefining spanish shorthand >>
(babel)             in language  on input line 182.
Package babel Info: Redefining spanish shorthand "=
(babel)             in language  on input line 182.
Package babel Info: Redefining spanish shorthand "~
(babel)             in language  on input line 182.
Package babel Info: Redefining spanish shorthand "!
(babel)             in language  on input line 182.
Package babel Info: Redefining spanish shorthand "?
(babel)             in language  on input line 182.
[2 <./Grafica_rlsi_e)_c)_stata.png (PNG copy)>]
<Grafica_linlog_e)_c)_stata.png, id=31, 701.62125pt x 510.90875pt>
File: Grafica_linlog_e)_c)_stata.png Graphic file (type png)
<use Grafica_linlog_e)_c)_stata.png>
Package pdftex.def Info: Grafica_linlog_e)_c)_stata.png  used on input line 206
.
(pdftex.def)             Requested size: 199.16928pt x 145.03362pt.

Underfull \hbox (badness 10000) in paragraph at lines 214--215

 []

Package babel Info: Redefining spanish shorthand <<
(babel)             in language  on input line 240.
Package babel Info: Redefining spanish shorthand >>
(babel)             in language  on input line 240.
Package babel Info: Redefining spanish shorthand "=
(babel)             in language  on input line 240.
Package babel Info: Redefining spanish shorthand "~
(babel)             in language  on input line 240.
Package babel Info: Redefining spanish shorthand "!
(babel)             in language  on input line 240.
Package babel Info: Redefining spanish shorthand "?
(babel)             in language  on input line 240.
Package babel Info: Redefining spanish shorthand <<
(babel)             in language  on input line 240.
Package babel Info: Redefining spanish shorthand >>
(babel)             in language  on input line 240.
Package babel Info: Redefining spanish shorthand "=
(babel)             in language  on input line 240.
Package babel Info: Redefining spanish shorthand "~
(babel)             in language  on input line 240.
Package babel Info: Redefining spanish shorthand "!
(babel)             in language  on input line 240.
Package babel Info: Redefining spanish shorthand "?
(babel)             in language  on input line 240.
[3 <./Grafica_linlog_e)_c)_stata.png (PNG copy)>]
<Grafica_loglin_g)_c)_stata.png, id=37, 701.62125pt x 510.90875pt>
File: Grafica_loglin_g)_c)_stata.png Graphic file (type png)
<use Grafica_loglin_g)_c)_stata.png>
Package pdftex.def Info: Grafica_loglin_g)_c)_stata.png  used on input line 250
.
(pdftex.def)             Requested size: 199.16928pt x 145.03362pt.

Underfull \hbox (badness 10000) in paragraph at lines 258--259

 []

Package babel Info: Redefining spanish shorthand <<
(babel)             in language  on input line 288.
Package babel Info: Redefining spanish shorthand >>
(babel)             in language  on input line 288.
Package babel Info: Redefining spanish shorthand "=
(babel)             in language  on input line 288.
Package babel Info: Redefining spanish shorthand "~
(babel)             in language  on input line 288.
Package babel Info: Redefining spanish shorthand "!
(babel)             in language  on input line 288.
Package babel Info: Redefining spanish shorthand "?
(babel)             in language  on input line 288.
Package babel Info: Redefining spanish shorthand <<
(babel)             in language  on input line 288.
Package babel Info: Redefining spanish shorthand >>
(babel)             in language  on input line 288.
Package babel Info: Redefining spanish shorthand "=
(babel)             in language  on input line 288.
Package babel Info: Redefining spanish shorthand "~
(babel)             in language  on input line 288.
Package babel Info: Redefining spanish shorthand "!
(babel)             in language  on input line 288.
Package babel Info: Redefining spanish shorthand "?
(babel)             in language  on input line 288.
[4 <./Grafica_loglin_g)_c)_stata.png (PNG copy)>]
<Grafica_loglog_h)_c)_stata.png, id=46, 701.62125pt x 510.90875pt>
File: Grafica_loglog_h)_c)_stata.png Graphic file (type png)
<use Grafica_loglog_h)_c)_stata.png>
Package pdftex.def Info: Grafica_loglog_h)_c)_stata.png  used on input line 296
.
(pdftex.def)             Requested size: 199.16928pt x 145.03362pt.

Underfull \hbox (badness 10000) in paragraph at lines 304--305

 []

Package babel Info: Redefining spanish shorthand <<
(babel)             in language  on input line 334.
Package babel Info: Redefining spanish shorthand >>
(babel)             in language  on input line 334.
Package babel Info: Redefining spanish shorthand "=
(babel)             in language  on input line 334.
Package babel Info: Redefining spanish shorthand "~
(babel)             in language  on input line 334.
Package babel Info: Redefining spanish shorthand "!
(babel)             in language  on input line 334.
Package babel Info: Redefining spanish shorthand "?
(babel)             in language  on input line 334.
Package babel Info: Redefining spanish shorthand <<
(babel)             in language  on input line 334.
Package babel Info: Redefining spanish shorthand >>
(babel)             in language  on input line 334.
Package babel Info: Redefining spanish shorthand "=
(babel)             in language  on input line 334.
Package babel Info: Redefining spanish shorthand "~
(babel)             in language  on input line 334.
Package babel Info: Redefining spanish shorthand "!
(babel)             in language  on input line 334.
Package babel Info: Redefining spanish shorthand "?
(babel)             in language  on input line 334.
[5 <./Grafica_loglog_h)_c)_stata.png (PNG copy)>]
<Grafica_rcp_i)_c)_stata.png, id=52, 701.62125pt x 510.90875pt>
File: Grafica_rcp_i)_c)_stata.png Graphic file (type png)
<use Grafica_rcp_i)_c)_stata.png>
Package pdftex.def Info: Grafica_rcp_i)_c)_stata.png  used on input line 342.
(pdftex.def)             Requested size: 199.16928pt x 145.03362pt.

Underfull \hbox (badness 10000) in paragraph at lines 350--351

 []


Overfull \hbox (3.25389pt too wide) in paragraph at lines 364--365
[]\OT1/cmss/m/n/10 Aplicando la re-gre-sion con el co-man-do \OT1/cmtt/m/n/10 
regress lnlfprfemale rcpgdpppp \OT1/cmss/m/n/10 ob-tu-vi-mos los si-guien-tes p
arame-
 []

Package babel Info: Redefining spanish shorthand <<
(babel)             in language  on input line 380.
Package babel Info: Redefining spanish shorthand >>
(babel)             in language  on input line 380.
Package babel Info: Redefining spanish shorthand "=
(babel)             in language  on input line 380.
Package babel Info: Redefining spanish shorthand "~
(babel)             in language  on input line 380.
Package babel Info: Redefining spanish shorthand "!
(babel)             in language  on input line 380.
Package babel Info: Redefining spanish shorthand "?
(babel)             in language  on input line 380.
Package babel Info: Redefining spanish shorthand <<
(babel)             in language  on input line 380.
Package babel Info: Redefining spanish shorthand >>
(babel)             in language  on input line 380.
Package babel Info: Redefining spanish shorthand "=
(babel)             in language  on input line 380.
Package babel Info: Redefining spanish shorthand "~
(babel)             in language  on input line 380.
Package babel Info: Redefining spanish shorthand "!
(babel)             in language  on input line 380.
Package babel Info: Redefining spanish shorthand "?
(babel)             in language  on input line 380.
[6 <./Grafica_rcp_i)_c)_stata.png (PNG copy)>]
<Grafica_logrcp_j)_c)_stata.png, id=58, 701.62125pt x 510.90875pt>
File: Grafica_logrcp_j)_c)_stata.png Graphic file (type png)
<use Grafica_logrcp_j)_c)_stata.png>
Package pdftex.def Info: Grafica_logrcp_j)_c)_stata.png  used on input line 388
.
(pdftex.def)             Requested size: 199.16928pt x 145.03362pt.

Underfull \hbox (badness 10000) in paragraph at lines 396--397

 []


Overfull \hbox (21.28111pt too wide) in paragraph at lines 410--411
[]\OT1/cmss/m/n/10 Generando los da-tos \OT1/cmtt/m/n/10 generate gdpppp3=gdppp
p[]3 \OT1/cmss/m/n/10 y apli-can-do la re-gre-sion con el co-man-do \OT1/cmtt/
m/n/10 regress lfprfemale
 []

<Grafica_p3_k)_c)_stata.png, id=59, 701.62125pt x 510.90875pt>
File: Grafica_p3_k)_c)_stata.png Graphic file (type png)
<use Grafica_p3_k)_c)_stata.png>
Package pdftex.def Info: Grafica_p3_k)_c)_stata.png  used on input line 432.
(pdftex.def)             Requested size: 199.16928pt x 145.03362pt.

Underfull \hbox (badness 10000) in paragraph at lines 442--443

 []

Package babel Info: Redefining spanish shorthand <<
(babel)             in language  on input line 455.
Package babel Info: Redefining spanish shorthand >>
(babel)             in language  on input line 455.
Package babel Info: Redefining spanish shorthand "=
(babel)             in language  on input line 455.
Package babel Info: Redefining spanish shorthand "~
(babel)             in language  on input line 455.
Package babel Info: Redefining spanish shorthand "!
(babel)             in language  on input line 455.
Package babel Info: Redefining spanish shorthand "?
(babel)             in language  on input line 455.
Package babel Info: Redefining spanish shorthand <<
(babel)             in language  on input line 455.
Package babel Info: Redefining spanish shorthand >>
(babel)             in language  on input line 455.
Package babel Info: Redefining spanish shorthand "=
(babel)             in language  on input line 455.
Package babel Info: Redefining spanish shorthand "~
(babel)             in language  on input line 455.
Package babel Info: Redefining spanish shorthand "!
(babel)             in language  on input line 455.
Package babel Info: Redefining spanish shorthand "?
(babel)             in language  on input line 455.
[7 <./Grafica_logrcp_j)_c)_stata.png (PNG copy)>]
Overfull \hbox (10.02808pt too wide) in paragraph at lines 457--464
 [] 
 []

Package babel Info: Redefining spanish shorthand <<
(babel)             in language  on input line 524.
Package babel Info: Redefining spanish shorthand >>
(babel)             in language  on input line 524.
Package babel Info: Redefining spanish shorthand "=
(babel)             in language  on input line 524.
Package babel Info: Redefining spanish shorthand "~
(babel)             in language  on input line 524.
Package babel Info: Redefining spanish shorthand "!
(babel)             in language  on input line 524.
Package babel Info: Redefining spanish shorthand "?
(babel)             in language  on input line 524.
Package babel Info: Redefining spanish shorthand <<
(babel)             in language  on input line 524.
Package babel Info: Redefining spanish shorthand >>
(babel)             in language  on input line 524.
Package babel Info: Redefining spanish shorthand "=
(babel)             in language  on input line 524.
Package babel Info: Redefining spanish shorthand "~
(babel)             in language  on input line 524.
Package babel Info: Redefining spanish shorthand "!
(babel)             in language  on input line 524.
Package babel Info: Redefining spanish shorthand "?
(babel)             in language  on input line 524.
[8 <./Grafica_p3_k)_c)_stata.png (PNG copy)>]
<Grafica_rls_c)_r.png, id=73, 526.96875pt x 338.76563pt>
File: Grafica_rls_c)_r.png Graphic file (type png)
<use Grafica_rls_c)_r.png>
Package pdftex.def Info: Grafica_rls_c)_r.png  used on input line 529.
(pdftex.def)             Requested size: 227.62204pt x 146.32802pt.

Underfull \hbox (badness 10000) in paragraph at lines 540--541

 []

<Grafica_rlsi_e)_c)_r.png, id=74, 526.96875pt x 338.76563pt>
File: Grafica_rlsi_e)_c)_r.png Graphic file (type png)
<use Grafica_rlsi_e)_c)_r.png>
Package pdftex.def Info: Grafica_rlsi_e)_c)_r.png  used on input line 576.
(pdftex.def)             Requested size: 227.62204pt x 146.32802pt.

Underfull \hbox (badness 10000) in paragraph at lines 584--585

 []

Package babel Info: Redefining spanish shorthand <<
(babel)             in language  on input line 587.
Package babel Info: Redefining spanish shorthand >>
(babel)             in language  on input line 587.
Package babel Info: Redefining spanish shorthand "=
(babel)             in language  on input line 587.
Package babel Info: Redefining spanish shorthand "~
(babel)             in language  on input line 587.
Package babel Info: Redefining spanish shorthand "!
(babel)             in language  on input line 587.
Package babel Info: Redefining spanish shorthand "?
(babel)             in language  on input line 587.
Package babel Info: Redefining spanish shorthand <<
(babel)             in language  on input line 587.
Package babel Info: Redefining spanish shorthand >>
(babel)             in language  on input line 587.
Package babel Info: Redefining spanish shorthand "=
(babel)             in language  on input line 587.
Package babel Info: Redefining spanish shorthand "~
(babel)             in language  on input line 587.
Package babel Info: Redefining spanish shorthand "!
(babel)             in language  on input line 587.
Package babel Info: Redefining spanish shorthand "?
(babel)             in language  on input line 587.
[9 <./Grafica_rls_c)_r.png>]
<Grafica_linlog_f)_c)_r.png, id=81, 526.96875pt x 338.76563pt>
File: Grafica_linlog_f)_c)_r.png Graphic file (type png)
<use Grafica_linlog_f)_c)_r.png>
Package pdftex.def Info: Grafica_linlog_f)_c)_r.png  used on input line 622.
(pdftex.def)             Requested size: 227.62204pt x 146.32802pt.

Underfull \hbox (badness 10000) in paragraph at lines 630--631

 []

Package babel Info: Redefining spanish shorthand <<
(babel)             in language  on input line 647.
Package babel Info: Redefining spanish shorthand >>
(babel)             in language  on input line 647.
Package babel Info: Redefining spanish shorthand "=
(babel)             in language  on input line 647.
Package babel Info: Redefining spanish shorthand "~
(babel)             in language  on input line 647.
Package babel Info: Redefining spanish shorthand "!
(babel)             in language  on input line 647.
Package babel Info: Redefining spanish shorthand "?
(babel)             in language  on input line 647.
Package babel Info: Redefining spanish shorthand <<
(babel)             in language  on input line 647.
Package babel Info: Redefining spanish shorthand >>
(babel)             in language  on input line 647.
Package babel Info: Redefining spanish shorthand "=
(babel)             in language  on input line 647.
Package babel Info: Redefining spanish shorthand "~
(babel)             in language  on input line 647.
Package babel Info: Redefining spanish shorthand "!
(babel)             in language  on input line 647.
Package babel Info: Redefining spanish shorthand "?
(babel)             in language  on input line 647.
[10 <./Grafica_rlsi_e)_c)_r.png>]
<Grafica_loglin_g)_c)_r.png, id=88, 526.96875pt x 338.76563pt>
File: Grafica_loglin_g)_c)_r.png Graphic file (type png)
<use Grafica_loglin_g)_c)_r.png>
Package pdftex.def Info: Grafica_loglin_g)_c)_r.png  used on input line 669.
(pdftex.def)             Requested size: 227.62204pt x 146.32802pt.

Underfull \hbox (badness 10000) in paragraph at lines 677--678

 []

Package babel Info: Redefining spanish shorthand <<
(babel)             in language  on input line 680.
Package babel Info: Redefining spanish shorthand >>
(babel)             in language  on input line 680.
Package babel Info: Redefining spanish shorthand "=
(babel)             in language  on input line 680.
Package babel Info: Redefining spanish shorthand "~
(babel)             in language  on input line 680.
Package babel Info: Redefining spanish shorthand "!
(babel)             in language  on input line 680.
Package babel Info: Redefining spanish shorthand "?
(babel)             in language  on input line 680.
Package babel Info: Redefining spanish shorthand <<
(babel)             in language  on input line 680.
Package babel Info: Redefining spanish shorthand >>
(babel)             in language  on input line 680.
Package babel Info: Redefining spanish shorthand "=
(babel)             in language  on input line 680.
Package babel Info: Redefining spanish shorthand "~
(babel)             in language  on input line 680.
Package babel Info: Redefining spanish shorthand "!
(babel)             in language  on input line 680.
Package babel Info: Redefining spanish shorthand "?
(babel)             in language  on input line 680.
[11 <./Grafica_linlog_f)_c)_r.png> <./Grafica_loglin_g)_c)_r.png>]
Overfull \hbox (15.01573pt too wide) in paragraph at lines 691--692
[]\OT1/cmss/m/n/10 Usando el co-man-do \OT1/cmtt/m/n/10 rlloglog<-lm(log(LFPRFe
male) log(GDPPPP),data = datos) \OT1/cmss/m/n/10 y \OT1/cmtt/m/n/10 summary(rll
oglog)
 []

<Grafica_loglog_h)_c)_r.png, id=97, 526.96875pt x 338.76563pt>
File: Grafica_loglog_h)_c)_r.png Graphic file (type png)
<use Grafica_loglog_h)_c)_r.png>
Package pdftex.def Info: Grafica_loglog_h)_c)_r.png  used on input line 715.
(pdftex.def)             Requested size: 227.62204pt x 146.32802pt.

Underfull \hbox (badness 10000) in paragraph at lines 723--724

 []


Overfull \hbox (126.72333pt too wide) in paragraph at lines 737--738
[]\OT1/cmss/m/n/10 Generamos los da-tos re-ci-pro-cos con \OT1/cmtt/m/n/10 dato
s$rcpGDPPPP<-1/datos$GDPPPP \OT1/cmss/m/n/10 usan-do el co-man-do \OT1/cmtt/m/n
/10 rlrcp<-lm(LFPRFemale rcpGDPPPP,data
 []

Package babel Info: Redefining spanish shorthand <<
(babel)             in language  on input line 749.
Package babel Info: Redefining spanish shorthand >>
(babel)             in language  on input line 749.
Package babel Info: Redefining spanish shorthand "=
(babel)             in language  on input line 749.
Package babel Info: Redefining spanish shorthand "~
(babel)             in language  on input line 749.
Package babel Info: Redefining spanish shorthand "!
(babel)             in language  on input line 749.
Package babel Info: Redefining spanish shorthand "?
(babel)             in language  on input line 749.
Package babel Info: Redefining spanish shorthand <<
(babel)             in language  on input line 749.
Package babel Info: Redefining spanish shorthand >>
(babel)             in language  on input line 749.
Package babel Info: Redefining spanish shorthand "=
(babel)             in language  on input line 749.
Package babel Info: Redefining spanish shorthand "~
(babel)             in language  on input line 749.
Package babel Info: Redefining spanish shorthand "!
(babel)             in language  on input line 749.
Package babel Info: Redefining spanish shorthand "?
(babel)             in language  on input line 749.
[12 <./Grafica_loglog_h)_c)_r.png>]
<Grafica_rcp_i)_c)_r.png, id=104, 526.96875pt x 338.76563pt>
File: Grafica_rcp_i)_c)_r.png Graphic file (type png)
<use Grafica_rcp_i)_c)_r.png>
Package pdftex.def Info: Grafica_rcp_i)_c)_r.png  used on input line 761.
(pdftex.def)             Requested size: 227.62204pt x 146.32802pt.

Underfull \hbox (badness 10000) in paragraph at lines 769--770

 []


Overfull \hbox (4.51582pt too wide) in paragraph at lines 783--784
[]\OT1/cmss/m/n/10 Usando el co-man-do \OT1/cmtt/m/n/10 rllogrcp<-lm(log(LFPRFe
male) rcpGDPPPP,data = datos) \OT1/cmss/m/n/10 y \OT1/cmtt/m/n/10 summary(rllog
rcp)
 []

<Grafica_logrcp_j)_c)_r.png, id=105, 526.96875pt x 338.76563pt>
File: Grafica_logrcp_j)_c)_r.png Graphic file (type png)
<use Grafica_logrcp_j)_c)_r.png>
Package pdftex.def Info: Grafica_logrcp_j)_c)_r.png  used on input line 807.
(pdftex.def)             Requested size: 227.62204pt x 146.32802pt.

Underfull \hbox (badness 10000) in paragraph at lines 815--816

 []

Package babel Info: Redefining spanish shorthand <<
(babel)             in language  on input line 816.
Package babel Info: Redefining spanish shorthand >>
(babel)             in language  on input line 816.
Package babel Info: Redefining spanish shorthand "=
(babel)             in language  on input line 816.
Package babel Info: Redefining spanish shorthand "~
(babel)             in language  on input line 816.
Package babel Info: Redefining spanish shorthand "!
(babel)             in language  on input line 816.
Package babel Info: Redefining spanish shorthand "?
(babel)             in language  on input line 816.
Package babel Info: Redefining spanish shorthand <<
(babel)             in language  on input line 816.
Package babel Info: Redefining spanish shorthand >>
(babel)             in language  on input line 816.
Package babel Info: Redefining spanish shorthand "=
(babel)             in language  on input line 816.
Package babel Info: Redefining spanish shorthand "~
(babel)             in language  on input line 816.
Package babel Info: Redefining spanish shorthand "!
(babel)             in language  on input line 816.
Package babel Info: Redefining spanish shorthand "?
(babel)             in language  on input line 816.
[13 <./Grafica_rcp_i)_c)_r.png>]
Overfull \hbox (100.4746pt too wide) in paragraph at lines 829--830
[]\OT1/cmss/m/n/10 Generamos los da-tos al cu-bo con \OT1/cmtt/m/n/10 datos$GDP
PPP3<-(datos$GDPPPP)[]3 \OT1/cmss/m/n/10 y usan-do el co-man-do \OT1/cmtt/m/n/1
0 rlp3<-lm(LFPRFemale GDPPPP3,data
 []

Package babel Info: Redefining spanish shorthand <<
(babel)             in language  on input line 845.
Package babel Info: Redefining spanish shorthand >>
(babel)             in language  on input line 845.
Package babel Info: Redefining spanish shorthand "=
(babel)             in language  on input line 845.
Package babel Info: Redefining spanish shorthand "~
(babel)             in language  on input line 845.
Package babel Info: Redefining spanish shorthand "!
(babel)             in language  on input line 845.
Package babel Info: Redefining spanish shorthand "?
(babel)             in language  on input line 845.
Package babel Info: Redefining spanish shorthand <<
(babel)             in language  on input line 845.
Package babel Info: Redefining spanish shorthand >>
(babel)             in language  on input line 845.
Package babel Info: Redefining spanish shorthand "=
(babel)             in language  on input line 845.
Package babel Info: Redefining spanish shorthand "~
(babel)             in language  on input line 845.
Package babel Info: Redefining spanish shorthand "!
(babel)             in language  on input line 845.
Package babel Info: Redefining spanish shorthand "?
(babel)             in language  on input line 845.
[14 <./Grafica_logrcp_j)_c)_r.png>]
Overfull \hbox (0.11288pt too wide) in paragraph at lines 851--852
[][][]\OT1/cmtt/m/n/10 title(main = "Modelo Polinomial de grado 3"),pch=19,col=
"springgreen4") []\OT1/cmss/m/n/10 ob-te-ne-mos la si-guien-te grafi-
 []

<Grafica_p3_k)_c)_r.png, id=119, 526.96875pt x 338.76563pt>
File: Grafica_p3_k)_c)_r.png Graphic file (type png)
<use Grafica_p3_k)_c)_r.png>
Package pdftex.def Info: Grafica_p3_k)_c)_r.png  used on input line 855.
(pdftex.def)             Requested size: 227.62204pt x 146.32802pt.

Underfull \hbox (badness 10000) in paragraph at lines 863--864

 []

Package atveryend Info: Empty hook `BeforeClearDocument' on input line 917.
Package babel Info: Redefining spanish shorthand <<
(babel)             in language  on input line 917.
Package babel Info: Redefining spanish shorthand >>
(babel)             in language  on input line 917.
Package babel Info: Redefining spanish shorthand "=
(babel)             in language  on input line 917.
Package babel Info: Redefining spanish shorthand "~
(babel)             in language  on input line 917.
Package babel Info: Redefining spanish shorthand "!
(babel)             in language  on input line 917.
Package babel Info: Redefining spanish shorthand "?
(babel)             in language  on input line 917.
Package babel Info: Redefining spanish shorthand <<
(babel)             in language  on input line 917.
Package babel Info: Redefining spanish shorthand >>
(babel)             in language  on input line 917.
Package babel Info: Redefining spanish shorthand "=
(babel)             in language  on input line 917.
Package babel Info: Redefining spanish shorthand "~
(babel)             in language  on input line 917.
Package babel Info: Redefining spanish shorthand "!
(babel)             in language  on input line 917.
Package babel Info: Redefining spanish shorthand "?
(babel)             in language  on input line 917.
[15 <./Grafica_p3_k)_c)_r.png>]
Package atveryend Info: Empty hook `AfterLastShipout' on input line 917.

(Ponce_Villagran_Carlos_Enrique_Tarea_2_Econometría.aux
LaTeX Info: Redefining \. on input line 23.
LaTeX Info: Redefining \% on input line 23.
)
Package atveryend Info: Executing hook `AtVeryEndDocument' on input line 917.
Package atveryend Info: Executing hook `AtEndAfterFileList' on input line 917.
Package rerunfilecheck Info: File `Ponce_Villagran_Carlos_Enrique_Tarea_2_Econo
metría.out' has not changed.
(rerunfilecheck)             Checksum: D41D8CD98F00B204E9800998ECF8427E;0.
Package atveryend Info: Empty hook `AtVeryVeryEnd' on input line 917.
 ) 
Here is how much of TeX's memory you used:
 11234 strings out of 492973
 160849 string characters out of 3123590
 255682 words of memory out of 3000000
 14934 multiletter control sequences out of 15000+200000
 7382 words of font info for 29 fonts, out of 3000000 for 9000
 1141 hyphenation exceptions out of 8191
 30i,12n,41p,965b,655s stack positions out of 5000i,500n,10000p,200000b,50000s
<C:/Users/Carlos Ponce/AppData/Local/Programs/MiKTeX 2.9/fonts/type1/public/a
msfonts/cm/cmex10.pfb><C:/Users/Carlos Ponce/AppData/Local/Programs/MiKTeX 2.9/
fonts/type1/public/amsfonts/cm/cmmi10.pfb><C:/Users/Carlos Ponce/AppData/Local/
Programs/MiKTeX 2.9/fonts/type1/public/amsfonts/cm/cmmi7.pfb><C:/Users/Carlos P
once/AppData/Local/Programs/MiKTeX 2.9/fonts/type1/public/amsfonts/cm/cmr10.pfb
><C:/Users/Carlos Ponce/AppData/Local/Programs/MiKTeX 2.9/fonts/type1/public/am
sfonts/cm/cmr5.pfb><C:/Users/Carlos Ponce/AppData/Local/Programs/MiKTeX 2.9/fon
ts/type1/public/amsfonts/cm/cmr7.pfb><C:/Users/Carlos Ponce/AppData/Local/Progr
ams/MiKTeX 2.9/fonts/type1/public/amsfonts/cm/cmss10.pfb><C:/Users/Carlos Ponce
/AppData/Local/Programs/MiKTeX 2.9/fonts/type1/public/amsfonts/cm/cmss12.pfb><C
:/Users/Carlos Ponce/AppData/Local/Programs/MiKTeX 2.9/fonts/type1/public/amsfo
nts/cm/cmssi10.pfb><C:/Users/Carlos Ponce/AppData/Local/Programs/MiKTeX 2.9/fon
ts/type1/public/amsfonts/cm/cmsy10.pfb><C:/Users/Carlos Ponce/AppData/Local/Pro
grams/MiKTeX 2.9/fonts/type1/public/amsfonts/cm/cmsy7.pfb><C:/Users/Carlos Ponc
e/AppData/Local/Programs/MiKTeX 2.9/fonts/type1/public/amsfonts/cm/cmtt10.pfb>
Output written on Ponce_Villagran_Carlos_Enrique_Tarea_2_Econometría.pdf (15 p
ages, 636181 bytes).
PDF statistics:
 175 PDF objects out of 1000 (max. 8388607)
 37 named destinations out of 1000 (max. 500000)
 86 words of extra memory for PDF output out of 10000 (max. 10000000)

